<?xml version="1.0" encoding="UTF-8"?>
<!-- Generated by org.testng.reporters.JUnitXMLReporter -->
<testsuite hostname="MININT-OH7C3JN" ignored="1" name="SmokeTest" tests="1" failures="0" timestamp="18 Jul 2017 14:06:27 GMT" time="0.047" errors="0">
  <testcase name="tc_End2EndTestingShoppingCartApp" time="0.0" classname="com.fanniemae.testng.End2EndTestShoppingCartApp"/>
  <testcase name="tc_End2EndTestingRegressionShoppingCartApp" time="0.0" classname="com.fanniemae.testng.End2EndTestShoppingCartApp">
    <ignored/>
  </testcase> <!-- tc_End2EndTestingRegressionShoppingCartApp -->
</testsuite> <!-- SmokeTest -->
