<?xml version="1.0" encoding="UTF-8"?>
<testng-results skipped="0" failed="0" ignored="0" total="1" passed="1">
  <reporter-output>
  </reporter-output>
  <suite name="Default suite" duration-ms="30484" started-at="2017-07-18T19:30:40Z" finished-at="2017-07-18T19:31:11Z">
    <groups>
    </groups>
    <test name="Default test" duration-ms="30484" started-at="2017-07-18T19:30:40Z" finished-at="2017-07-18T19:31:11Z">
      <class name="com.fanniemae.testng.MainTest">
        <test-method status="PASS" signature="End2EndTestingFireFox(java.lang.String, java.lang.String, java.lang.String)[pri:0, instance:com.fanniemae.testng.MainTest@6ea12c19]" name="End2EndTestingFireFox" duration-ms="30453" started-at="2017-07-18T15:30:40Z" data-provider="testdata_shoppingCart" finished-at="2017-07-18T15:31:11Z">
          <params>
            <param index="0">
              <value>
                <![CDATA[Iphone]]>
              </value>
            </param>
            <param index="1">
              <value>
                <![CDATA[2]]>
              </value>
            </param>
            <param index="2">
              <value>
                <![CDATA[Adam]]>
              </value>
            </param>
          </params>
          <reporter-output>
          </reporter-output>
        </test-method> <!-- End2EndTestingFireFox -->
      </class> <!-- com.fanniemae.testng.MainTest -->
    </test> <!-- Default test -->
  </suite> <!-- Default suite -->
</testng-results>
